<?xml version="1.0" encoding="UTF-8"?>
<testsuite xmlns:xsi="http://www.w3.org/2001/XMLSchema-instance" xsi:noNamespaceSchemaLocation="https://maven.apache.org/surefire/maven-surefire-plugin/xsd/surefire-test-report.xsd" name="fr.m2i.tests.TuTest" time="0.04" tests="6" errors="0" skipped="0" failures="2">
  <properties>
[...]
</properties>
  <testcase name="soustraction" classname="fr.m2i.tests.TuTest" time="0.019"/>
  <testcase name="addition" classname="fr.m2i.tests.TuTest" time="0.004"/>
  <testcase name="puissance" classname="fr.m2i.tests.TuTest" time="0.005">
    <failure message="Non fonctionnel puissance" type="org.opentest4j.AssertionFailedError">org.opentest4j.AssertionFailedError: Non fonctionnel puissance
	at fr.m2i.tests.TuTest.puissance(TuTest.java:95)
</failure>
  </testcase>
  <testcase name="sayHelloTest" classname="fr.m2i.tests.TuTest" time="0.001"/>
  <testcase name="division" classname="fr.m2i.tests.TuTest" time="0">
    <failure message="Non fonctionnel division" type="org.opentest4j.AssertionFailedError">org.opentest4j.AssertionFailedError: Non fonctionnel division
	at fr.m2i.tests.TuTest.division(TuTest.java:73)
</failure>
  </testcase>
  <testcase name="multiplication" classname="fr.m2i.tests.TuTest" time="0.004"/>
</testsuite>